<?xml version="1.0" encoding="UTF-8"?>
<robot generator="Robot 6.1 (Python 3.9.5 on win32)" generated="20250701 22:03:03.894" rpa="false" schemaversion="4">
<suite id="s1" name="Login" source="C:\Users\Deepesh\PycharmProjects\Robotframework\Testcases\login.robot">
<test id="s1-t1" name="Logintest" line="20">
<kw name="Close All Browsers" library="SeleniumLibrary" type="SETUP">
<doc>Closes all open browsers and resets the browser cache.</doc>
<status status="PASS" starttime="20250701 22:03:04.261" endtime="20250701 22:03:04.261"/>
</kw>
<kw name="Launch application" library="loginui">
<kw name="Open Browser" library="SeleniumLibrary">
<arg>${url}</arg>
<arg>${browser}</arg>
<doc>Opens a new browser instance to the optional ``url``.</doc>
<msg timestamp="20250701 22:03:04.261" level="INFO">Opening browser 'Chrome' to base url 'https://opensource-demo.orangehrmlive.com/web/index.php/auth/login'.</msg>
<status status="PASS" starttime="20250701 22:03:04.261" endtime="20250701 22:03:09.890"/>
</kw>
<kw name="Maximize Browser Window" library="SeleniumLibrary">
<doc>Maximizes current browser window.</doc>
<status status="PASS" starttime="20250701 22:03:09.890" endtime="20250701 22:03:09.947"/>
</kw>
<kw name="Sleep" library="BuiltIn">
<arg>5s</arg>
<doc>Pauses the test executed for the given time.</doc>
<msg timestamp="20250701 22:03:14.950" level="INFO">Slept 5 seconds</msg>
<status status="PASS" starttime="20250701 22:03:09.947" endtime="20250701 22:03:14.950"/>
</kw>
<status status="PASS" starttime="20250701 22:03:04.261" endtime="20250701 22:03:14.950"/>
</kw>
<kw name="Enter credentials" library="loginui">
<kw name="Input Text" library="SeleniumLibrary">
<arg>username</arg>
<arg>Admin</arg>
<doc>Types the given ``text`` into the text field identified by ``locator``.</doc>
<msg timestamp="20250701 22:03:14.950" level="INFO">Typing text 'Admin' into text field 'username'.</msg>
<status status="PASS" starttime="20250701 22:03:14.950" endtime="20250701 22:03:15.146"/>
</kw>
<kw name="Input Password" library="SeleniumLibrary">
<arg>password</arg>
<arg>admin123</arg>
<doc>Types the given password into the text field identified by ``locator``.</doc>
<msg timestamp="20250701 22:03:15.148" level="INFO">Typing password into text field 'password'.</msg>
<msg timestamp="20250701 22:03:15.220" level="INFO">Temporally setting log level to: NONE</msg>
<msg timestamp="20250701 22:03:15.342" level="INFO">Log level changed from NONE to INFO.</msg>
<status status="PASS" starttime="20250701 22:03:15.146" endtime="20250701 22:03:15.345"/>
</kw>
<status status="PASS" starttime="20250701 22:03:14.950" endtime="20250701 22:03:15.345"/>
</kw>
<kw name="clicksumbit" library="loginui">
<kw name="Click Button" library="SeleniumLibrary">
<arg>//button[@type='submit']</arg>
<doc>Clicks the button identified by ``locator``.</doc>
<msg timestamp="20250701 22:03:15.347" level="INFO">Clicking button '//button[@type='submit']'.</msg>
<status status="PASS" starttime="20250701 22:03:15.346" endtime="20250701 22:03:15.497"/>
</kw>
<status status="PASS" starttime="20250701 22:03:15.345" endtime="20250701 22:03:15.499"/>
</kw>
<tag>Smoke</tag>
<status status="PASS" starttime="20250701 22:03:04.259" endtime="20250701 22:03:15.500"/>
</test>
<test id="s1-t2" name="Verify dashboard" line="26">
<kw name="Close All Browsers" library="SeleniumLibrary" type="SETUP">
<doc>Closes all open browsers and resets the browser cache.</doc>
<status status="PASS" starttime="20250701 22:03:15.518" endtime="20250701 22:03:21.868"/>
</kw>
<kw name="Launch application" library="loginui">
<kw name="Open Browser" library="SeleniumLibrary">
<arg>${url}</arg>
<arg>${browser}</arg>
<doc>Opens a new browser instance to the optional ``url``.</doc>
<msg timestamp="20250701 22:03:21.869" level="INFO">Opening browser 'Chrome' to base url 'https://opensource-demo.orangehrmlive.com/web/index.php/auth/login'.</msg>
<status status="PASS" starttime="20250701 22:03:21.869" endtime="20250701 22:03:27.738"/>
</kw>
<kw name="Maximize Browser Window" library="SeleniumLibrary">
<doc>Maximizes current browser window.</doc>
<status status="PASS" starttime="20250701 22:03:27.738" endtime="20250701 22:03:27.778"/>
</kw>
<kw name="Sleep" library="BuiltIn">
<arg>5s</arg>
<doc>Pauses the test executed for the given time.</doc>
<msg timestamp="20250701 22:03:32.783" level="INFO">Slept 5 seconds</msg>
<status status="PASS" starttime="20250701 22:03:27.779" endtime="20250701 22:03:32.783"/>
</kw>
<status status="PASS" starttime="20250701 22:03:21.869" endtime="20250701 22:03:32.783"/>
</kw>
<kw name="Enter credentials" library="loginui">
<kw name="Input Text" library="SeleniumLibrary">
<arg>username</arg>
<arg>Admin</arg>
<doc>Types the given ``text`` into the text field identified by ``locator``.</doc>
<msg timestamp="20250701 22:03:32.783" level="INFO">Typing text 'Admin' into text field 'username'.</msg>
<status status="PASS" starttime="20250701 22:03:32.783" endtime="20250701 22:03:32.997"/>
</kw>
<kw name="Input Password" library="SeleniumLibrary">
<arg>password</arg>
<arg>admin123</arg>
<doc>Types the given password into the text field identified by ``locator``.</doc>
<msg timestamp="20250701 22:03:33.000" level="INFO">Typing password into text field 'password'.</msg>
<msg timestamp="20250701 22:03:33.083" level="INFO">Temporally setting log level to: NONE</msg>
<msg timestamp="20250701 22:03:33.201" level="INFO">Log level changed from NONE to INFO.</msg>
<status status="PASS" starttime="20250701 22:03:32.997" endtime="20250701 22:03:33.201"/>
</kw>
<status status="PASS" starttime="20250701 22:03:32.783" endtime="20250701 22:03:33.201"/>
</kw>
<kw name="clicksumbit" library="loginui">
<kw name="Click Button" library="SeleniumLibrary">
<arg>//button[@type='submit']</arg>
<doc>Clicks the button identified by ``locator``.</doc>
<msg timestamp="20250701 22:03:33.201" level="INFO">Clicking button '//button[@type='submit']'.</msg>
<status status="PASS" starttime="20250701 22:03:33.201" endtime="20250701 22:03:33.383"/>
</kw>
<status status="PASS" starttime="20250701 22:03:33.201" endtime="20250701 22:03:33.384"/>
</kw>
<kw name="Verify dashboardappears" library="loginui">
<kw name="Wait Until Location Is" library="SeleniumLibrary">
<arg>https://opensource-demo.orangehrmlive.com/web/index.php/dashboard/index</arg>
<arg>timeout= 5s</arg>
<doc>Waits until the current URL is ``expected``.</doc>
<status status="PASS" starttime="20250701 22:03:33.385" endtime="20250701 22:03:34.635"/>
</kw>
<kw name="Wait Until Page Contains Element" library="SeleniumLibrary">
<arg>//h6[text()="Dashboard"]</arg>
<arg>timeout= 5s</arg>
<doc>Waits until the element ``locator`` appears on the current page.</doc>
<status status="PASS" starttime="20250701 22:03:34.635" endtime="20250701 22:03:35.185"/>
</kw>
<status status="PASS" starttime="20250701 22:03:33.384" endtime="20250701 22:03:35.185"/>
</kw>
<tag>Sanity</tag>
<status status="PASS" starttime="20250701 22:03:15.518" endtime="20250701 22:03:35.185"/>
</test>
<status status="PASS" starttime="20250701 22:03:03.894" endtime="20250701 22:03:35.190"/>
</suite>
<statistics>
<total>
<stat pass="2" fail="0" skip="0">All Tests</stat>
</total>
<tag>
<stat pass="1" fail="0" skip="0">Sanity</stat>
<stat pass="1" fail="0" skip="0">Smoke</stat>
</tag>
<suite>
<stat pass="2" fail="0" skip="0" id="s1" name="Login">Login</stat>
</suite>
</statistics>
<errors>
</errors>
</robot>
